Arguments: 
  /usr/local/bin/node /usr/local/Cellar/yarn/1.3.2/libexec/bin/yarn.js init

PATH: 
  /usr/local/bin:/usr/bin:/bin:/usr/sbin:/sbin:/usr/local/share/dotnet:/Library/Frameworks/Mono.framework/Versions/Current/Commands

Yarn version: 
  1.3.2

Node version: 
  8.9.3

Platform: 
  darwin x64

npm manifest: 
  {
      "title": "Freelancer",
      "name": "startbootstrap-freelancer",
      "version": "4.0.0",
      "description": "Juanita Pinkney Full Stack Developer Portfolio Website",
      "keywords": [
          "css",
          "sass",
          "html",
          "responsive",
          "theme",
          "template"
      ],
      "homepage": "https://github.com/juanitapinkney/juanitapinkney",
      "bugs": {
          "url": "https://github.com/juanitapinkney/juanitapinkney/issues",
          "email": "dev.juanitapinkney@gmail.com"
      },
      "license": "MIT",
      "author": "Start Bootstrap",
      "contributors": [
          "David Miller (http://davidmiller.io/)"
      ],
      "repository": {
          "type": "git",
          "url": "https://github.com/juanitapinkney/juanitapinkney"
      },
      "dependencies": {
          "bootstrap": "4.0.0",
          "font-awesome": "4.7.0",
          "gulp-dev": "^0.3.0",
          "jquery": "3.3.1",
          "jquery.easing": "^1.4.1",
          "magnific-popup": "^1.1.0"
      },
      "devDependencies": {
          "browser-sync": "2.23.6",
          "gulp": "^3.9.1",
          "gulp-clean-css": "3.9.2",
          "gulp-filter": "5.1.0",
          "gulp-header": "2.0.1",
          "gulp-rename": "^1.2.2",
          "gulp-sass": "^3.1.0",
          "gulp-uglify": "3.0.0"
      }
  }

yarn manifest: 
  No manifest

Lockfile: 
  No lockfile

Trace: 
  Error: canceled
      at Interface.<anonymous> (/usr/local/Cellar/yarn/1.3.2/libexec/lib/cli.js:121045:13)
      at emitNone (events.js:106:13)
      at Interface.emit (events.js:208:7)
      at Interface._ttyWrite (readline.js:775:16)
      at ReadStream.onkeypress (readline.js:160:10)
      at emitTwo (events.js:126:13)
      at ReadStream.emit (events.js:214:7)
      at emitKeys (internal/readline.js:420:14)
      at emitKeys.next (<anonymous>)
      at ReadStream.onData (readline.js:1011:36)
